<?xml version="1.0" encoding="UTF-8"?>
<!-- Generated by org.testng.reporters.JUnitReportReporter -->
<testsuite hostname="alexace-pc" name="tests.login.LoginTests" tests="6" failures="0" timestamp="11 Feb 2016 16:21:10 GMT" time="25.731" errors="0">
  <testcase name="test5_emptyEmailField" time="2.689" classname="tests.login.LoginTests"/>
  <testcase name="test1_positiveLogin" time="12.851" classname="tests.login.LoginTests"/>
  <testcase name="test2_incorrectLogin" time="4.418" classname="tests.login.LoginTests"/>
  <testcase name="test4_emptyEmailAndPassFields" time="1.566" classname="tests.login.LoginTests"/>
  <testcase name="test6_emptyPassField" time="1.752" classname="tests.login.LoginTests"/>
  <testcase name="test3_incorrectPassField" time="2.455" classname="tests.login.LoginTests"/>
</testsuite> <!-- tests.login.LoginTests -->
