<?xml version="1.0" encoding="UTF-8"?>
<!-- Generated by org.testng.reporters.JUnitReportReporter -->
<testsuite hostname="alexace-pc" name="tests.login.LoginTests" tests="6" failures="0" timestamp="10 Feb 2016 17:59:25 GMT" time="10.720" errors="0">
  <testcase name="test2_incorrectLogin" time="2.306" classname="tests.login.LoginTests"/>
  <testcase name="test5_emptyEmailField" time="0.424" classname="tests.login.LoginTests"/>
  <testcase name="test4_emptyEmailAndPassFields" time="0.478" classname="tests.login.LoginTests"/>
  <testcase name="test1_positiveLogin" time="5.960" classname="tests.login.LoginTests"/>
  <testcase name="test3_incorrectPassField" time="1.148" classname="tests.login.LoginTests"/>
  <testcase name="test6_emptyPassField" time="0.404" classname="tests.login.LoginTests"/>
</testsuite> <!-- tests.login.LoginTests -->
