<?xml version="1.0" encoding="UTF-8"?>
<!-- Generated by org.testng.reporters.JUnitReportReporter -->
<testsuite hostname="alexace-pc" name="tests.registration.RegistrationTests" tests="13" failures="1" timestamp="11 Feb 2016 16:21:10 GMT" time="55.607" errors="0">
  <testcase name="test7_negativeOnlyPassFields" time="3.963" classname="tests.registration.RegistrationTests"/>
  <testcase name="test6_negativeOnlyEmailFields" time="4.060" classname="tests.registration.RegistrationTests"/>
  <testcase name="test1_positiveRegistration" time="4.811" classname="tests.registration.RegistrationTests">
    <failure type="org.openqa.selenium.WebDriverException" message="Element is not clickable at point (828, 639). Other element would receive the click: &lt;ul class=&quot;quick-links-list-2&quot;&gt;&lt;/ul&gt;
Command duration or timeout: 69 milliseconds
Build info: version: &#039;2.51.0&#039;, revision: &#039;1af067dbcaedd7d2ab9af5151fc471d363d97193&#039;, time: &#039;2016-02-05 11:20:57&#039;
System info: host: &#039;alexace-pc&#039;, ip: &#039;127.0.1.1&#039;, os.name: &#039;Linux&#039;, os.arch: &#039;amd64&#039;, os.version: &#039;3.13.0-77-generic&#039;, java.version: &#039;1.8.0_60&#039;
Driver info: org.openqa.selenium.firefox.FirefoxDriver
Capabilities [{applicationCacheEnabled=true, rotatable=false, handlesAlerts=true, databaseEnabled=true, version=44.0.1, platform=LINUX, nativeEvents=false, acceptSslCerts=true, webStorageEnabled=true, locationContextEnabled=true, browserName=firefox, takesScreenshot=true, javascriptEnabled=true, cssSelectorsEnabled=true}]
Session ID: 4f212293-c9c6-4a5c-90a8-3848cfb387bb">
      <![CDATA[org.openqa.selenium.WebDriverException: Element is not clickable at point (828, 639). Other element would receive the click: <ul class="quick-links-list-2"></ul>
Command duration or timeout: 69 milliseconds
Build info: version: '2.51.0', revision: '1af067dbcaedd7d2ab9af5151fc471d363d97193', time: '2016-02-05 11:20:57'
System info: host: 'alexace-pc', ip: '127.0.1.1', os.name: 'Linux', os.arch: 'amd64', os.version: '3.13.0-77-generic', java.version: '1.8.0_60'
Driver info: org.openqa.selenium.firefox.FirefoxDriver
Capabilities [{applicationCacheEnabled=true, rotatable=false, handlesAlerts=true, databaseEnabled=true, version=44.0.1, platform=LINUX, nativeEvents=false, acceptSslCerts=true, webStorageEnabled=true, locationContextEnabled=true, browserName=firefox, takesScreenshot=true, javascriptEnabled=true, cssSelectorsEnabled=true}]
Session ID: 4f212293-c9c6-4a5c-90a8-3848cfb387bb
	at sun.reflect.NativeConstructorAccessorImpl.newInstance0(Native Method)
	at sun.reflect.NativeConstructorAccessorImpl.newInstance(NativeConstructorAccessorImpl.java:62)
	at sun.reflect.DelegatingConstructorAccessorImpl.newInstance(DelegatingConstructorAccessorImpl.java:45)
	at java.lang.reflect.Constructor.newInstance(Constructor.java:422)
	at org.openqa.selenium.remote.ErrorHandler.createThrowable(ErrorHandler.java:206)
	at org.openqa.selenium.remote.ErrorHandler.throwIfResponseFailed(ErrorHandler.java:158)
	at org.openqa.selenium.remote.RemoteWebDriver.execute(RemoteWebDriver.java:678)
	at org.openqa.selenium.remote.RemoteWebElement.execute(RemoteWebElement.java:327)
	at org.openqa.selenium.remote.RemoteWebElement.click(RemoteWebElement.java:85)
	at utils.WebElementsActions.clickElement(WebElementsActions.java:117)
	at pages.RegistrationPage.clickButtonRegistration(RegistrationPage.java:213)
	at tests.registration.RegistrationTests.test1_positiveRegistration(RegistrationTests.java:42)
	at sun.reflect.NativeMethodAccessorImpl.invoke0(Native Method)
	at sun.reflect.NativeMethodAccessorImpl.invoke(NativeMethodAccessorImpl.java:62)
	at sun.reflect.DelegatingMethodAccessorImpl.invoke(DelegatingMethodAccessorImpl.java:43)
	at java.lang.reflect.Method.invoke(Method.java:497)
	at org.testng.internal.MethodInvocationHelper.invokeMethod(MethodInvocationHelper.java:84)
	at org.testng.internal.Invoker.invokeMethod(Invoker.java:714)
	at org.testng.internal.Invoker.invokeTestMethod(Invoker.java:901)
	at org.testng.internal.Invoker.invokeTestMethods(Invoker.java:1231)
	at org.testng.internal.TestMethodWorker.invokeTestMethods(TestMethodWorker.java:127)
	at org.testng.internal.TestMethodWorker.run(TestMethodWorker.java:111)
	at org.testng.TestRunner.privateRun(TestRunner.java:767)
	at org.testng.TestRunner.run(TestRunner.java:617)
	at org.testng.SuiteRunner.runTest(SuiteRunner.java:348)
	at org.testng.SuiteRunner.runSequentially(SuiteRunner.java:343)
	at org.testng.SuiteRunner.privateRun(SuiteRunner.java:305)
	at org.testng.SuiteRunner.run(SuiteRunner.java:254)
	at org.testng.SuiteRunnerWorker.runSuite(SuiteRunnerWorker.java:52)
	at org.testng.SuiteRunnerWorker.run(SuiteRunnerWorker.java:86)
	at org.testng.TestNG.runSuitesSequentially(TestNG.java:1224)
	at org.testng.TestNG.runSuitesSequentially(TestNG.java:1220)
	at org.testng.TestNG.runSuitesLocally(TestNG.java:1149)
	at org.testng.TestNG.run(TestNG.java:1057)
	at org.apache.maven.surefire.testng.TestNGExecutor.run(TestNGExecutor.java:293)
	at org.apache.maven.surefire.testng.TestNGXmlTestSuite.execute(TestNGXmlTestSuite.java:84)
	at org.apache.maven.surefire.testng.TestNGProvider.invoke(TestNGProvider.java:91)
	at org.apache.maven.surefire.booter.ForkedBooter.invokeProviderInSameClassLoader(ForkedBooter.java:200)
	at org.apache.maven.surefire.booter.ForkedBooter.runSuitesInProcess(ForkedBooter.java:153)
	at org.apache.maven.surefire.booter.ForkedBooter.main(ForkedBooter.java:103)
]]>
    </failure>
  </testcase> <!-- test1_positiveRegistration -->
  <testcase name="test10_negativeFirstEmailFieldEmpty" time="3.887" classname="tests.registration.RegistrationTests"/>
  <testcase name="test5_negativeOnlySecondPassField" time="4.307" classname="tests.registration.RegistrationTests"/>
  <testcase name="test3_negativeOnlySecondEmailField" time="4.425" classname="tests.registration.RegistrationTests"/>
  <testcase name="test2_negativeOnlyFirstEmailField" time="4.189" classname="tests.registration.RegistrationTests"/>
  <testcase name="test13_negativeVariousPassFields" time="4.821" classname="tests.registration.RegistrationTests"/>
  <testcase name="test9_negativeSecondPassFieldEmpty" time="4.081" classname="tests.registration.RegistrationTests"/>
  <testcase name="test12_negativeVariousEmailAddress" time="4.739" classname="tests.registration.RegistrationTests"/>
  <testcase name="test8_negativeFirstPassFieldEmpty" time="4.130" classname="tests.registration.RegistrationTests"/>
  <testcase name="test4_negativeOnlyFirstPassField" time="4.078" classname="tests.registration.RegistrationTests"/>
  <testcase name="test11_negativeSecondEmailFieldEmpty" time="4.116" classname="tests.registration.RegistrationTests"/>
</testsuite> <!-- tests.registration.RegistrationTests -->
