<?xml version="1.0" encoding="UTF-8"?>
<testsuite name="TestSuite" time="109.801" tests="32" errors="0" skipped="0" failures="2">
  <properties>
    <property name="idea.version" value="15.0.3"/>
    <property name="java.runtime.name" value="Java(TM) SE Runtime Environment"/>
    <property name="sun.boot.library.path" value="/opt/java/jdk1.8.0_60/jre/lib/amd64"/>
    <property name="java.vm.version" value="25.60-b23"/>
    <property name="java.vm.vendor" value="Oracle Corporation"/>
    <property name="java.vendor.url" value="http://java.oracle.com/"/>
    <property name="path.separator" value=":"/>
    <property name="guice.disable.misplaced.annotation.check" value="true"/>
    <property name="java.vm.name" value="Java HotSpot(TM) 64-Bit Server VM"/>
    <property name="file.encoding.pkg" value="sun.io"/>
    <property name="idea.launcher.port" value="7535"/>
    <property name="user.country" value="UA"/>
    <property name="sun.java.launcher" value="SUN_STANDARD"/>
    <property name="sun.os.patch.level" value="unknown"/>
    <property name="java.vm.specification.name" value="Java Virtual Machine Specification"/>
    <property name="user.dir" value="/media/alexander/HDD/Workspace/Projects/QA/qa_course_maven/qa_maven"/>
    <property name="java.runtime.version" value="1.8.0_60-b27"/>
    <property name="java.awt.graphicsenv" value="sun.awt.X11GraphicsEnvironment"/>
    <property name="java.endorsed.dirs" value="/opt/java/jdk1.8.0_60/jre/lib/endorsed"/>
    <property name="os.arch" value="amd64"/>
    <property name="java.io.tmpdir" value="/tmp"/>
    <property name="line.separator" value="&#10;"/>
    <property name="java.vm.specification.vendor" value="Oracle Corporation"/>
    <property name="os.name" value="Linux"/>
    <property name="classworlds.conf" value="/opt/idea-IC-143.1821.5/plugins/maven/lib/maven3/bin/m2.conf"/>
    <property name="sun.jnu.encoding" value="UTF-8"/>
    <property name="java.library.path" value="/opt/idea-IC-143.1821.5/bin::/usr/java/packages/lib/amd64:/usr/lib64:/lib64:/lib:/usr/lib"/>
    <property name="java.specification.name" value="Java Platform API Specification"/>
    <property name="java.class.version" value="52.0"/>
    <property name="sun.management.compiler" value="HotSpot 64-Bit Tiered Compilers"/>
    <property name="os.version" value="3.13.0-77-generic"/>
    <property name="user.home" value="/home/alexander"/>
    <property name="user.timezone" value="Europe/Kiev"/>
    <property name="java.awt.printerjob" value="sun.print.PSPrinterJob"/>
    <property name="java.specification.version" value="1.8"/>
    <property name="idea.launcher.bin.path" value="/opt/idea-IC-143.1821.5/bin"/>
    <property name="file.encoding" value="UTF-8"/>
    <property name="user.name" value="alexander"/>
    <property name="java.class.path" value="/opt/idea-IC-143.1821.5/plugins/maven/lib/maven3/boot/plexus-classworlds-2.4.jar:/opt/idea-IC-143.1821.5/lib/idea_rt.jar"/>
    <property name="java.vm.specification.version" value="1.8"/>
    <property name="sun.arch.data.model" value="64"/>
    <property name="java.home" value="/opt/java/jdk1.8.0_60/jre"/>
    <property name="sun.java.command" value="com.intellij.rt.execution.application.AppMain org.codehaus.classworlds.Launcher -Didea.version=15.0.3 test -P chrome"/>
    <property name="java.specification.vendor" value="Oracle Corporation"/>
    <property name="user.language" value="ru"/>
    <property name="awt.toolkit" value="sun.awt.X11.XToolkit"/>
    <property name="java.vm.info" value="mixed mode"/>
    <property name="java.version" value="1.8.0_60"/>
    <property name="java.ext.dirs" value="/opt/java/jdk1.8.0_60/jre/lib/ext:/usr/java/packages/lib/ext"/>
    <property name="securerandom.source" value="file:/dev/./urandom"/>
    <property name="sun.boot.class.path" value="/opt/java/jdk1.8.0_60/jre/lib/resources.jar:/opt/java/jdk1.8.0_60/jre/lib/rt.jar:/opt/java/jdk1.8.0_60/jre/lib/sunrsasign.jar:/opt/java/jdk1.8.0_60/jre/lib/jsse.jar:/opt/java/jdk1.8.0_60/jre/lib/jce.jar:/opt/java/jdk1.8.0_60/jre/lib/charsets.jar:/opt/java/jdk1.8.0_60/jre/lib/jfr.jar:/opt/java/jdk1.8.0_60/jre/classes"/>
    <property name="java.vendor" value="Oracle Corporation"/>
    <property name="maven.home" value="/opt/idea-IC-143.1821.5/plugins/maven/lib/maven3"/>
    <property name="file.separator" value="/"/>
    <property name="java.vendor.url.bug" value="http://bugreport.sun.com/bugreport/"/>
    <property name="sun.cpu.endian" value="little"/>
    <property name="sun.io.unicode.encoding" value="UnicodeLittle"/>
    <property name="sun.desktop" value="gnome"/>
    <property name="sun.cpu.isalist" value=""/>
  </properties>
  <testcase name="test1_positiveLogin" classname="tests.login.LoginTests" time="5.961"/>
  <testcase name="test2_incorrectLogin" classname="tests.login.LoginTests" time="2.305"/>
  <testcase name="test3_incorrectPassField" classname="tests.login.LoginTests" time="1.146"/>
  <testcase name="test4_emptyEmailAndPassFields" classname="tests.login.LoginTests" time="0.478"/>
  <testcase name="test5_emptyEmailField" classname="tests.login.LoginTests" time="0.424"/>
  <testcase name="test6_emptyPassField" classname="tests.login.LoginTests" time="0.403"/>
  <testcase name="test1_positiveRegistration" classname="tests.registration.RegistrationTests" time="0.057">
    <failure message="element not visible&#10;  (Session info: chrome=48.0.2564.82)&#10;  (Driver info: chromedriver=2.21.371461 (633e689b520b25f3e264a2ede6b74ccc23cb636a),platform=Linux 3.13.0-77-generic x86_64) (WARNING: The server did not provide any stacktrace information)&#10;Command duration or timeout: 20 milliseconds&#10;Build info: version: &apos;2.51.0&apos;, revision: &apos;1af067dbcaedd7d2ab9af5151fc471d363d97193&apos;, time: &apos;2016-02-05 11:20:57&apos;&#10;System info: host: &apos;alexace-pc&apos;, ip: &apos;127.0.1.1&apos;, os.name: &apos;Linux&apos;, os.arch: &apos;amd64&apos;, os.version: &apos;3.13.0-77-generic&apos;, java.version: &apos;1.8.0_60&apos;&#10;Driver info: org.openqa.selenium.chrome.ChromeDriver&#10;Capabilities [{applicationCacheEnabled=false, rotatable=false, mobileEmulationEnabled=false, chrome={chromedriverVersion=2.21.371461 (633e689b520b25f3e264a2ede6b74ccc23cb636a), userDataDir=/tmp/.com.google.Chrome.JPUGQ4}, takesHeapSnapshot=true, databaseEnabled=false, handlesAlerts=true, hasTouchScreen=false, version=48.0.2564.82, platform=LINUX, browserConnectionEnabled=false, nativeEvents=true, acceptSslCerts=true, locationContextEnabled=true, webStorageEnabled=true, browserName=chrome, takesScreenshot=true, javascriptEnabled=true, cssSelectorsEnabled=true}]&#10;Session ID: 9305b067bf220093f55345e7804f1815" type="org.openqa.selenium.ElementNotVisibleException">org.openqa.selenium.ElementNotVisibleException: element not visible
  (Session info: chrome=48.0.2564.82)
  (Driver info: chromedriver=2.21.371461 (633e689b520b25f3e264a2ede6b74ccc23cb636a),platform=Linux 3.13.0-77-generic x86_64) (WARNING: The server did not provide any stacktrace information)
Command duration or timeout: 20 milliseconds
Build info: version: '2.51.0', revision: '1af067dbcaedd7d2ab9af5151fc471d363d97193', time: '2016-02-05 11:20:57'
System info: host: 'alexace-pc', ip: '127.0.1.1', os.name: 'Linux', os.arch: 'amd64', os.version: '3.13.0-77-generic', java.version: '1.8.0_60'
Driver info: org.openqa.selenium.chrome.ChromeDriver
Capabilities [{applicationCacheEnabled=false, rotatable=false, mobileEmulationEnabled=false, chrome={chromedriverVersion=2.21.371461 (633e689b520b25f3e264a2ede6b74ccc23cb636a), userDataDir=/tmp/.com.google.Chrome.JPUGQ4}, takesHeapSnapshot=true, databaseEnabled=false, handlesAlerts=true, hasTouchScreen=false, version=48.0.2564.82, platform=LINUX, browserConnectionEnabled=false, nativeEvents=true, acceptSslCerts=true, locationContextEnabled=true, webStorageEnabled=true, browserName=chrome, takesScreenshot=true, javascriptEnabled=true, cssSelectorsEnabled=true}]
Session ID: 9305b067bf220093f55345e7804f1815
	at sun.reflect.NativeConstructorAccessorImpl.newInstance0(Native Method)
	at sun.reflect.NativeConstructorAccessorImpl.newInstance(NativeConstructorAccessorImpl.java:62)
	at sun.reflect.DelegatingConstructorAccessorImpl.newInstance(DelegatingConstructorAccessorImpl.java:45)
	at java.lang.reflect.Constructor.newInstance(Constructor.java:422)
	at org.openqa.selenium.remote.ErrorHandler.createThrowable(ErrorHandler.java:206)
	at org.openqa.selenium.remote.ErrorHandler.throwIfResponseFailed(ErrorHandler.java:158)
	at org.openqa.selenium.remote.RemoteWebDriver.execute(RemoteWebDriver.java:678)
	at org.openqa.selenium.remote.RemoteWebElement.execute(RemoteWebElement.java:327)
	at org.openqa.selenium.remote.RemoteWebElement.click(RemoteWebElement.java:85)
	at utils.WebElementsActions.clickButton(WebElementsActions.java:131)
	at pages.HomePage.closeBlurb(HomePage.java:504)
	at tests.registration.RegistrationTests.test1_positiveRegistration(RegistrationTests.java:22)
</failure>
    <system-out><![CDATA[end login tests
browser open page: http://www.ellos.se/
start registration tests

test1_positiveRegistration

]]></system-out>
  </testcase>
  <testcase name="test2_negativeOnlyFirstEmailField" classname="tests.registration.RegistrationTests" time="1.899"/>
  <testcase name="test3_negativeOnlySecondEmailField" classname="tests.registration.RegistrationTests" time="1.645"/>
  <testcase name="test4_negativeOnlyFirstPassField" classname="tests.registration.RegistrationTests" time="1.547"/>
  <testcase name="test5_negativeOnlySecondPassField" classname="tests.registration.RegistrationTests" time="1.612"/>
  <testcase name="test6_negativeOnlyEmailFields" classname="tests.registration.RegistrationTests" time="1.73"/>
  <testcase name="test7_negativeOnlyPassFields" classname="tests.registration.RegistrationTests" time="1.649"/>
  <testcase name="test8_negativeFirstPassFieldEmpty" classname="tests.registration.RegistrationTests" time="1.833"/>
  <testcase name="test9_negativeSecondPassFieldEmpty" classname="tests.registration.RegistrationTests" time="1.607"/>
  <testcase name="test10_negativeFirstEmailFieldEmpty" classname="tests.registration.RegistrationTests" time="1.637"/>
  <testcase name="test11_negativeSecondEmailFieldEmpty" classname="tests.registration.RegistrationTests" time="1.665"/>
  <testcase name="test12_negativeVariousEmailAddress" classname="tests.registration.RegistrationTests" time="2.306"/>
  <testcase name="test13_negativeVariousPassFields" classname="tests.registration.RegistrationTests" time="2.456"/>
  <testcase name="test1_womanProductPage" classname="tests.product_page.ProductPageTests" time="0.042">
    <failure message="element not visible&#10;  (Session info: chrome=48.0.2564.82)&#10;  (Driver info: chromedriver=2.21.371461 (633e689b520b25f3e264a2ede6b74ccc23cb636a),platform=Linux 3.13.0-77-generic x86_64) (WARNING: The server did not provide any stacktrace information)&#10;Command duration or timeout: 19 milliseconds&#10;Build info: version: &apos;2.51.0&apos;, revision: &apos;1af067dbcaedd7d2ab9af5151fc471d363d97193&apos;, time: &apos;2016-02-05 11:20:57&apos;&#10;System info: host: &apos;alexace-pc&apos;, ip: &apos;127.0.1.1&apos;, os.name: &apos;Linux&apos;, os.arch: &apos;amd64&apos;, os.version: &apos;3.13.0-77-generic&apos;, java.version: &apos;1.8.0_60&apos;&#10;Driver info: org.openqa.selenium.chrome.ChromeDriver&#10;Capabilities [{applicationCacheEnabled=false, rotatable=false, mobileEmulationEnabled=false, chrome={chromedriverVersion=2.21.371461 (633e689b520b25f3e264a2ede6b74ccc23cb636a), userDataDir=/tmp/.com.google.Chrome.JPUGQ4}, takesHeapSnapshot=true, databaseEnabled=false, handlesAlerts=true, hasTouchScreen=false, version=48.0.2564.82, platform=LINUX, browserConnectionEnabled=false, nativeEvents=true, acceptSslCerts=true, locationContextEnabled=true, webStorageEnabled=true, browserName=chrome, takesScreenshot=true, javascriptEnabled=true, cssSelectorsEnabled=true}]&#10;Session ID: 9305b067bf220093f55345e7804f1815" type="org.openqa.selenium.ElementNotVisibleException">org.openqa.selenium.ElementNotVisibleException: element not visible
  (Session info: chrome=48.0.2564.82)
  (Driver info: chromedriver=2.21.371461 (633e689b520b25f3e264a2ede6b74ccc23cb636a),platform=Linux 3.13.0-77-generic x86_64) (WARNING: The server did not provide any stacktrace information)
Command duration or timeout: 19 milliseconds
Build info: version: '2.51.0', revision: '1af067dbcaedd7d2ab9af5151fc471d363d97193', time: '2016-02-05 11:20:57'
System info: host: 'alexace-pc', ip: '127.0.1.1', os.name: 'Linux', os.arch: 'amd64', os.version: '3.13.0-77-generic', java.version: '1.8.0_60'
Driver info: org.openqa.selenium.chrome.ChromeDriver
Capabilities [{applicationCacheEnabled=false, rotatable=false, mobileEmulationEnabled=false, chrome={chromedriverVersion=2.21.371461 (633e689b520b25f3e264a2ede6b74ccc23cb636a), userDataDir=/tmp/.com.google.Chrome.JPUGQ4}, takesHeapSnapshot=true, databaseEnabled=false, handlesAlerts=true, hasTouchScreen=false, version=48.0.2564.82, platform=LINUX, browserConnectionEnabled=false, nativeEvents=true, acceptSslCerts=true, locationContextEnabled=true, webStorageEnabled=true, browserName=chrome, takesScreenshot=true, javascriptEnabled=true, cssSelectorsEnabled=true}]
Session ID: 9305b067bf220093f55345e7804f1815
	at sun.reflect.NativeConstructorAccessorImpl.newInstance0(Native Method)
	at sun.reflect.NativeConstructorAccessorImpl.newInstance(NativeConstructorAccessorImpl.java:62)
	at sun.reflect.DelegatingConstructorAccessorImpl.newInstance(DelegatingConstructorAccessorImpl.java:45)
	at java.lang.reflect.Constructor.newInstance(Constructor.java:422)
	at org.openqa.selenium.remote.ErrorHandler.createThrowable(ErrorHandler.java:206)
	at org.openqa.selenium.remote.ErrorHandler.throwIfResponseFailed(ErrorHandler.java:158)
	at org.openqa.selenium.remote.RemoteWebDriver.execute(RemoteWebDriver.java:678)
	at org.openqa.selenium.remote.RemoteWebElement.execute(RemoteWebElement.java:327)
	at org.openqa.selenium.remote.RemoteWebElement.click(RemoteWebElement.java:85)
	at utils.WebElementsActions.clickButton(WebElementsActions.java:131)
	at pages.HomePage.closeBlurb(HomePage.java:504)
	at tests.product_page.ProductPageTests.test1_womanProductPage(ProductPageTests.java:17)
</failure>
    <system-out><![CDATA[end registration tests
browser open page: http://www.ellos.se/
start product page tests
]]></system-out>
  </testcase>
  <testcase name="test2_manProductPage" classname="tests.product_page.ProductPageTests" time="8.33"/>
  <testcase name="test3_barnProductPage" classname="tests.product_page.ProductPageTests" time="6.691"/>
  <testcase name="test4_sportProductPage" classname="tests.product_page.ProductPageTests" time="6.397"/>
  <testcase name="test5_linenAndBathPage" classname="tests.product_page.ProductPageTests" time="7.667"/>
  <testcase name="test6_footwearPage" classname="tests.product_page.ProductPageTests" time="6.686"/>
  <testcase name="test7_hemPage" classname="tests.product_page.ProductPageTests" time="6.691"/>
  <testcase name="test8_electronicPage" classname="tests.product_page.ProductPageTests" time="6.069"/>
  <testcase name="test9_beautyAndHealthPage" classname="tests.product_page.ProductPageTests" time="6.606"/>
  <testcase name="test10_plusPage" classname="tests.product_page.ProductPageTests" time="6.68"/>
  <testcase name="test11_reaPage" classname="tests.product_page.ProductPageTests" time="6.812"/>
  <testcase name="test12_inspirationPage" classname="tests.product_page.ProductPageTests" time="4.196"/>
  <testcase name="test13_resorPage" classname="tests.product_page.ProductPageTests" time="4.574"/>
</testsuite>